<?xml version="1.0" encoding="UTF-8"?>
<!-- Generated by org.testng.reporters.JUnitXMLReporter -->
<testsuite hostname="DESKTOP-OPE01NK" ignored="0" name="API" tests="24" failures="0" timestamp="14 фев 2018 12:32:17 GMT" time="4.009" errors="0">
  <testcase name="getAllAvalaibleCats" time="1.622" classname="TestExecutor.TestExec"/>
  <testcase name="getExplicitCat" time="0.057" classname="TestExecutor.TestExec"/>
  <testcase name="getInvalidCat" time="0.027" classname="TestExecutor.TestExec"/>
  <testcase name="createCat" time="0.372" classname="TestExecutor.TestExec"/>
  <testcase name="updateCat" time="0.093" classname="TestExecutor.TestExec"/>
  <testcase name="deleteCat" time="0.131" classname="TestExecutor.TestExec"/>
  <testcase name="getAllAvailableStores" time="0.046" classname="TestExecutor.TestExec"/>
  <testcase name="createStore" time="0.071" classname="TestExecutor.TestExec"/>
  <testcase name="getExplicitStore" time="0.024" classname="TestExecutor.TestExec"/>
  <testcase name="updateStore" time="0.049" classname="TestExecutor.TestExec"/>
  <testcase name="deleteStore" time="0.041" classname="TestExecutor.TestExec"/>
  <testcase name="getInvalidStore" time="0.054" classname="TestExecutor.TestExec"/>
  <testcase name="getAllvailableProducts" time="0.29" classname="TestExecutor.TestExec"/>
  <testcase name="createProduct" time="0.061" classname="TestExecutor.TestExec"/>
  <testcase name="getExplicitProduct" time="0.026" classname="TestExecutor.TestExec"/>
  <testcase name="updateProduct" time="0.037" classname="TestExecutor.TestExec"/>
  <testcase name="deleteProduct" time="0.029" classname="TestExecutor.TestExec"/>
  <testcase name="getAllAvailableServices" time="0.041" classname="TestExecutor.TestExec"/>
  <testcase name="createService" time="0.056" classname="TestExecutor.TestExec"/>
  <testcase name="getExplicitService" time="0.052" classname="TestExecutor.TestExec"/>
  <testcase name="updateService" time="0.105" classname="TestExecutor.TestExec"/>
  <testcase name="deleteService" time="0.084" classname="TestExecutor.TestExec"/>
  <testcase name="displayVersion" time="0.032" classname="TestExecutor.TestExec"/>
  <testcase name="healthCheck" time="0.117" classname="TestExecutor.TestExec"/>
</testsuite> <!-- API -->
